<?xml version="1.0" encoding="UTF-8"?>
<!-- Generated by org.testng.reporters.JUnitReportReporter -->
<testsuite skipped="0" hostname="WVNLIFE5CRYQ12" name="test.TestSignUp" tests="3" failures="0" timestamp="11 Oct 2017 09:19:18 GMT" time="9.790" errors="0">
  <testcase name="test_Signup" time="6.764" classname="test.TestSignUp"/>
  <testcase name="change_Currency" time="0.140" classname="test.TestSignUp"/>
  <testcase name="change_Language" time="2.886" classname="test.TestSignUp"/>
</testsuite> <!-- test.TestSignUp -->
