<?xml version="1.0" encoding="UTF-8"?>
<!-- Generated by org.testng.reporters.JUnitReportReporter -->
<testsuite skipped="0" hostname="WVNLIFE5CRYQ12" name="test.TestSignUp" tests="1" failures="0" timestamp="11 Oct 2017 07:33:14 GMT" time="2.288" errors="0">
  <testcase name="test_Signup" time="2.288" classname="test.TestSignUp"/>
</testsuite> <!-- test.TestSignUp -->
